(C)Copyright TOSHIBA CORPORATION 1993-2009  All rights reserved
Wed May 13 10:03:56 2020
TLCS-900 Relocatable Assembler (32) V2.2k  [Page     1]  init.lst
Runtime option : c:\Program Files (x86)\TOSHIBA\T900\bin\asm900.exe -Nb2 -O1 -g -l init.asm

Location  Object                           Ins        Line Source Statement

                                 +0          1           1 ;*****************************************
                                 +0          2           2 ;	SAMPLE PROGRAM (INITIALIZATION)
                                 +0          3           3 ;*****************************************
                                 +0          4           4 $MAXIMUM						;
                                 +0          5           5 	module  init					;
                                 +0          6           6 
                                 +0          7           7 ;  ---------------------------------
                                 +0          8           8 ;	EXTERNAL LOOKUP
                                 +0          9           9 ;  ---------------------------------
                                 +0         10          10 	extern	RAM_Vector
                                 +0         11          11 
                                 +0         12          12 ;  ---------------------------------
                                 +0         13          13 ;   EXTERNAL DEFIINITION
                                 +0         14          14 ;  ---------------------------------
                                 +0         15          15 	public  init_setting     			;
                                 +0         16          16 
                                 +0         17          17 ;  ---------------------------------
                                 +0         18          18 ;	INCLUDE
                                 +0         19          19 ;  ---------------------------------
                                 +0         20          20 	$include	"system.inc"
                                 +1          1          21 ;-----------------------------------------------------------------
                                 +1          2          22 
                                 +1          3          23 ;	SYSTEM CALL
                                 +1          4          24 
                                 +1          5          25 ;-----------------------------------------------------------------
                                 +1          6          26 
  00000000                       +1          7          27 SYS_SUCCESS		equ	0x00			;run success
                                 +1          8          28 
  000000FF                       +1          9          29 SYS_FAILURE		equ	0xff			;run failure
                                 +1         10          30 
                                 +1         11          31 ;-----------------------------------------------------------------
                                 +1         12          32 
  00000000                       +1         13          33 VECT_SHUTDOWN		equ	0x00			;shutdown (power OFF)
                                 +1         14          34 
  00000001                       +1         15          35 VECT_CLOCKGEARSET	equ	0x01			;clock gear change
                                 +1         16          36 
  00000002                       +1         17          37 VECT_RTCGET		equ	0x02			;obtain time
                                 +1         18          38 
  00000004                       +1         19          39 VECT_INTLVSET		equ	0x04			;set interrupt level
                                 +1         20          40 
  00000005                       +1         21          41 VECT_SYSFONTSET	equ	0x05			;set system font
                                 +1         22          42 
  00000006                       +1         23          43 VECT_FLASHWRITE	equ	0x06			;flash memory data write
                                 +1         24          44 
  00000007                       +1         25          45 VECT_FLASHALLERS	equ	0x07			;flash memory erase all blocks
                                 +1         26          46 
  00000008                       +1         27          47 VECT_FLASHERS		equ	0x08			;flash memory erase specified blocks
                                 +1         28          48 
  00000009                       +1         29          49 VECT_ALARMSET		equ	0x09			;game alarm setting
                                 +1         30          50 
  0000000B                       +1         31          51 VECT_ALARMDOWNSET	equ	0x0b			;alarm setting during shutdown
                                 +1         32          52 
  0000000D                       +1         33          53 VECT_FLASHPROTECT	equ	0x0d			;protect using tool
                                 +1         34          54 
  0000000E                       +1         35          55 VECT_GEMODESET	equ	0x0e			;switching GE mode
                                 +1         36          56 
                                 +1         37          57 ;-----------------------------------------------------------------
                                 +1         38          58 
                                 +1         39          59 ;	SYSTEM BIT EQU
                                 +1         40          60 
                                 +1         41          61 ;-----------------------------------------------------------------
                                 +1         42          62 
  00000007                       +1         43          63 INT_CLR_BIT		equ	0x07			;interrupt request clear bit
                                 +1         44          64 
  00000080                       +1         45          65 _INT_CLR_BIT		equ	0y10000000		;
                                 +1         46          66 
                                 +1         47          67 ;-----------------------------------------------------------------
                                 +1         48          68 
                                 +1         49          69 ;	SYSTEM WORK
                                 +1         50          70 
                                 +1         51          71 ;-----------------------------------------------------------------
                                 +1         52          72 
  00006F80                       +1         53          73 Battery_Voltage	equ	0x6f80			;estimated voltage
                                 +1         54          74 
  00006F82                       +1         55          75 Sys_lever		equ	0x6f82			;lever value
                                 +1         56          76 
  00006F87                       +1         57          77 Language		equ	0x6f87			;language chosen
                                 +1         58          78 
  00006F85                       +1         59          79 User_Shutdown		equ	0x6f85			;shutdown re1uest bit
                                 +1         60          80 
  00006F84                       +1         61          81 User_Boot		equ	0x6f84			;startup bit flag
                                 +1         62          82 
  00006F86                       +1         63          83 User_Answer		equ	0x6f86			;user request bit
                                 +1         64          84 
  00006F91                       +1         65          85 OS_Version		equ	0x6f91			;system version reserve work
                                 +1         66          86 
                                 +1         67          87 ;-----------------------------------------------------------------
                                 +1         68          88 
                                 +1         69          89 ;	WATCH DOG
                                 +1         70          90 
                                 +1         71          91 ;-----------------------------------------------------------------
                                 +1         72          92 
  0000006F                       +1         73          93 WDCR			equ	0x06F		;watch dog control address
                                 +1         74          94 
  0000004E                       +1         75          95 WD_CLR			equ	0x04e		;watch dog clear code
                                 +1         76          96 
                                 +1         77          97 ;-----------------------------------------------------------------
                                 +1         78          98 
                                 +1         79          99 ;	SYSTEM WORK BIT
                                 +1         80         100 
                                 +1         81         101 ;-----------------------------------------------------------------
                                 +1         82         102 
                                 +1         83         103 ;======================================================= 
                                 +1         84         104 
                                 +1         85         105 ;	USER START UP BIT
                                 +1         86         106 
                                 +1         87         107 ;======================================================= 
                                 +1         88         108 
                                 +1         89         109 ;User_Boot
                                 +1         90         110 
                                 +1         91         111 ;	00000000
                                 +1         92         112 
                                 +1         93         113 ;	||+------ resume startup			0:not resume startup		1:resume startup
                                 +1         94         114 
                                 +1         95         115 ;	|+------- POWER startup			0:not POWER startup		1:POWER startup
                                 +1         96         116 
                                 +1         97         117 ;	+-------- alarm startup			0:not alarm statup		1:alarm statup
                                 +1         98         118 
                                 +1         99         119 ;	=================================================
                                 +1        100         120 
                                 +1        101         121 
                                 +1        102         122 
  00000007                       +1        103         123 ALARM_BOOT_REQ		equ	0x07
                                 +1        104         124 
  00000006                       +1        105         125 POWER_BOOT_REQ		equ	0x06
                                 +1        106         126 
  00000005                       +1        107         127 RESUME_BOOT_REQ		equ	0x05
                                 +1        108         128 
  00000080                       +1        109         129 _ALARM_BOOT_REQ		equ	0y10000000
                                 +1        110         130 
  00000040                       +1        111         131 _POWER_BOOT_REQ		equ	0y01000000
                                 +1        112         132 
  00000020                       +1        113         133 _RESUME_BOOT_REQ	equ	0y00100000
                                 +1        114         134 
                                 +1        115         135 
                                 +1        116         136 
                                 +1        117         137 ;======================================================= 
                                 +1        118         138 
                                 +1        119         139 ;	USER SHUTDOWN BIT
                                 +1        120         140 
                                 +1        121         141 ;======================================================= 
                                 +1        122         142 
                                 +1        123         143 ;User_Shutdown
                                 +1        124         144 
                                 +1        125         145 ;	00000000
                                 +1        126         146 
                                 +1        127         147 ;	||+--------- main power use shutdown request	0:no request	1:request
                                 +1        128         148 
                                 +1        129         149 ;	|+---------- no use shutdown request		0:no request	1:request
                                 +1        130         150 
                                 +1        131         151 ;	+----------- power off shutdown request		0:no request	1:request
                                 +1        132         152 
                                 +1        133         153 ;	=================================================
                                 +1        134         154 
                                 +1        135         155 
                                 +1        136         156 
  00000007                       +1        137         157 MP_SHUTDOWN_REQ	equ	0x07
                                 +1        138         158 
  00000006                       +1        139         159 TIME_SHUTDOWN_REQ	equ	0x06
                                 +1        140         160 
  00000005                       +1        141         161 BAT_SHUTDOWN_REQ	equ	0x05
                                 +1        142         162 
  00000080                       +1        143         163 _MP_SHUTDOWN_REQ	equ	0y10000000
                                 +1        144         164 
  00000040                       +1        145         165 _TIME_SHUTDOWN_REQ	equ	0y01000000
                                 +1        146         166 
  00000020                       +1        147         167 _BAT_SHUTDOWN_REQ	equ	0y00100000
                                 +1        148         168 
                                 +1        149         169 
                                 +1        150         170 
                                 +1        151         171 ;======================================================= 
                                 +1        152         172 
                                 +1        153         173 ;	USER ANSWER BIT
                                 +1        154         174 
                                 +1        155         175 ;======================================================= 
                                 +1        156         176 
                                 +1        157         177 ;User_Answer
                                 +1        158         178 
                                 +1        159         179 ;	00000000
                                 +1        160         180 
                                 +1        161         181 ;	|+----------- no use shutdown operation	0:non-existent	1:exists
                                 +1        162         182 
                                 +1        163         183 ;	+------------ resume operation		0:non-existent	1:exists
                                 +1        164         184 
                                 +1        165         185 ;	=================================================
                                 +1        166         186 
                                 +1        167         187 
                                 +1        168         188 
  00000007                       +1        169         189 RESUME_ANS		equ	0x07
                                 +1        170         190 
  00000006                       +1        171         191 TIMER_SHUTDOWN_ANS	equ	0x06
                                 +1        172         192 
  00000080                       +1        173         193 _RESUME_ANS		equ	0y10000000
                                 +1        174         194 
  00000040                       +1        175         195 _TIMER_SHUTDOWN_ANS	equ	0y01000000
                                 +1        176         196 
                                 +0         21         197 	$include	"k1head.inc"
                                 +1          1         198 ;=======================================================
                                 +1          2         199 
                                 +1          3         200 ;		SYSTEM RELATED EQU
                                 +1          4         201 
                                 +1          5         202 ;=======================================================
                                 +1          6         203 
  00008000                       +1          7         204 DISP_CTL0		EQU	0x08000			;interrupt control register
                                 +1          8         205 
                                 +1          9         206 ;D7 : 1 = Vint allowed / 0 = not allowed
                                 +1         10         207 
                                 +1         11         208 ;D6 : 1 = Hint allowed / 0 = not allowed
                                 +1         12         209 
                                 +1         13         210 
                                 +1         14         211 
  00008010                       +1         15         212 STS_RG_ADD		EQU	0x08010			;2D status register (READ)
                                 +1         16         213 
                                 +1         17         214 ;D7 : 1 = character over / 0 = no character over
                                 +1         18         215 
                                 +1         19         216 ;D6 : 1 = while V blanking / 0 = while in display mode
                                 +1         20         217 
                                 +1         21         218 
                                 +1         22         219 
  00008012                       +1         23         220 LCD_CTR_ADD		EQU	0x08012			;2D control register
                                 +1         24         221 
                                 +1         25         222 ;D7 : 1 = screen color inverse display / 0 = normal display
                                 +1         26         223 
                                 +1         27         224 ;D2Å`D0 : outside window frame color CODE
                                 +1         28         225 
                                 +1         29         226 
                                 +1         30         227 
  00008118                       +1         31         228 BG_COLOR		EQU 0X08118			;Background color register
                                 +1         32         229 
                                 +1         33         230 ;D7`D6: BGON. D7 = 1, D6 = 0: Use specified BG color. Defaults to D7/D6 both 0
                                 +1         34         231 
                                 +1         35         232 ;D2`D0: BG color code
                                 +1         36         233 
                                 +1         37         234 
                                 +1         38         235 
                                 +1         39         236 
  000087E0                       +1         40         237 RESET_ADD		EQU	0X087E0			;2D software reset (WRITE)
                                 +1         41         238 
                                 +1         42         239 ;2D cicuit initialization with "52" write
                                 +1         43         240 
                                 +1         44         241 
                                 +1         45         242 
  000087FE                       +1         46         243 VERSION_ADD		EQU	0x087FE			;2D cicuit version (READ)
                                 +1         47         244 
                                 +1         48         245 ;D7 : 1 = white LCD panel /0 = balck LCD panel 
                                 +1         49         246 
                                 +1         50         247 ;D5Å`D0 : 2D circuit version
                                 +1         51         248 
                                 +1         52         249 
                                 +1         53         250 
                                 +1         54         251 
                                 +1         55         252 
                                 +1         56         253 ;=======================================================
                                 +1         57         254 
                                 +1         58         255 ;		CHARACTER EQU
                                 +1         59         256 
                                 +1         60         257 ;=======================================================
                                 +1         61         258 
  0000A000                       +1         62         259 CHR_VRAM		EQU	0x0A000			;character data RAM address
                                 +1         63         260 
                                 +1         64         261 
                                 +1         65         262 
                                 +1         66         263 
                                 +1         67         264 
                                 +1         68         265 ;=======================================================
                                 +1         69         266 
                                 +1         70         267 ;		SCROLL EQU
                                 +1         71         268 
                                 +1         72         269 ;=======================================================
                                 +1         73         270 
  00009000                       +1         74         271 SCRL1_VRAM		EQU	0x09000
                                 +1         75         272 
  00009800                       +1         76         273 SCRL2_VRAM		EQU	0x09800
                                 +1         77         274 
                                 +1         78         275 
                                 +1         79         276 
  00008030                       +1         80         277 SCRL_PRIO_ADR		EQU	0X08030			;scroll priority level invert register 
                                 +1         81         278 
  00008032                       +1         82         279 SCRL_X1_ADR		EQU	0x08032			;scroll 1 offset H register
                                 +1         83         280 
  00008033                       +1         84         281 SCRL_Y1_ADR		EQU	0x08033			;scroll 1 offset V register
                                 +1         85         282 
  00008034                       +1         86         283 SCRL_X2_ADR		EQU	0x08034			;scroll 2 offset H register
                                 +1         87         284 
  00008035                       +1         88         285 SCRL_Y2_ADR		EQU	0x08035			;scroll 2 offset V register
                                 +1         89         286 
                                 +1         90         287 
                                 +1         91         288 
                                 +1         92         289 ;=======================================================
                                 +1         93         290 
                                 +1         94         291 ;		SPRITE EQU
                                 +1         95         292 
                                 +1         96         293 ;=======================================================
                                 +1         97         294 
  00008800                       +1         98         295 SPR_VRAM		EQU	0x08800
                                 +1         99         296 
  00008020                       +1        100         297 SPR_OFFSET_X_ADR	EQU	0x08020			;sprite offset H
                                 +1        101         298 
  00008021                       +1        102         299 SPR_OFFSET_Y_ADR	EQU	0x08021			;sprite offset V
                                 +1        103         300 
                                 +1        104         301 
                                 +1        105         302 
                                 +1        106         303 
                                 +1        107         304 
                                 +1        108         305 ;=======================================================
                                 +1        109         306 
                                 +1        110         307 ;		WINDOW SYSTEM EQU
                                 +1        111         308 
                                 +1        112         309 ;=======================================================
                                 +1        113         310 
  00008002                       +1        114         311 WIN_WBAX_ADR		EQU	0x08002			;window origin H
                                 +1        115         312 
  00008003                       +1        116         313 WIN_WBAY_ADR		EQU	0x08003			;window origin V
                                 +1        117         314 
  00008004                       +1        118         315 WIN_WSIX_ADR		EQU	0x08004			;window size H
                                 +1        119         316 
  00008005                       +1        120         317 WIN_WSIY_ADR		EQU	0x08005			;window size V
                                 +1        121         318 
                                 +1        122         319 
                                 +1        123         320 
  00008008                       +1        124         321 WD_LCDST_HPOS		EQU	0x08008			;raster H position register (READ)
                                 +1        125         322 
  00008009                       +1        126         323 WD_LCDST_VPOS		EQU	0x08009			;raster V position register (READ)
                                 +1        127         324 
                                 +1        128         325 
                                 +1        129         326 
                                 +1        130         327 ;=======================================================
                                 +1        131         328 
                                 +1        132         329 ;		PALETTE EQU
                                 +1        133         330 
                                 +1        134         331 ;=======================================================
                                 +1        135         332 
                                 +1        136         333 ;sprite palette 0
                                 +1        137         334 
  00008101                       +1        138         335 PL_SPR_00		EQU	0x08101	
                                 +1        139         336 
  00008102                       +1        140         337 PL_SPR_01		EQU	0x08102
                                 +1        141         338 
  00008103                       +1        142         339 PL_SPR_02		EQU	0x08103
                                 +1        143         340 
                                 +1        144         341 ;sprite palette 1
                                 +1        145         342 
  00008105                       +1        146         343 PL_SPR_10		EQU	0x08105
                                 +1        147         344 
  00008106                       +1        148         345 PL_SPR_11		EQU	0x08106
                                 +1        149         346 
  00008107                       +1        150         347 PL_SPR_12		EQU	0x08107
                                 +1        151         348 
                                 +1        152         349 
                                 +1        153         350 
                                 +1        154         351 ;scroll 0 palette 0
                                 +1        155         352 
  00008109                       +1        156         353 PL_SCR0_00		EQU	0x08109
                                 +1        157         354 
  0000810A                       +1        158         355 PL_SCR0_01		EQU	0x0810A
                                 +1        159         356 
  0000810B                       +1        160         357 PL_SCR0_02		EQU	0x0810B
                                 +1        161         358 
                                 +1        162         359 ;scroll 0 palette 1
                                 +1        163         360 
  0000810D                       +1        164         361 PL_SCR0_10		EQU	0x0810D
                                 +1        165         362 
  0000810E                       +1        166         363 PL_SCR0_11		EQU	0x0810E
                                 +1        167         364 
  0000810F                       +1        168         365 PL_SCR0_12		EQU	0x0810F
                                 +1        169         366 
                                 +1        170         367 ;scroll 1 palette 0
                                 +1        171         368 
  00008111                       +1        172         369 PAL_SCR1_00		EQU	0x08111
                                 +1        173         370 
  00008112                       +1        174         371 PAL_SCR1_01		EQU	0x08112
                                 +1        175         372 
  00008113                       +1        176         373 PAL_SCR1_02		EQU	0x08113
                                 +1        177         374 
                                 +1        178         375 ;scroll 1 palette 1
                                 +1        179         376 
  00008115                       +1        180         377 PAL_SCR1_10		EQU	0x08115
                                 +1        181         378 
  00008116                       +1        182         379 PAL_SCR1_11		EQU	0x08116
                                 +1        183         380 
  00008117                       +1        184         381 PAL_SCR1_12		EQU	0x08117
                                 +1        185         382 
                                 +1        186         383 
                                 +1        187         384 ;=======================================================
                                 +1        188         385 
                                 +1        189         386 ;		COLOR PALETTE RAM EQU
                                 +1        190         387 
                                 +1        191         388 ;=======================================================
                                 +1        192         389 
  00008200                       +1        193         390 SPRITE_CRAM		EQU 0x08200
                                 +1        194         391 
  00008280                       +1        195         392 SCROLL1_CRAM	EQU 0x08280
                                 +1        196         393 
  00008300                       +1        197         394 SCROLL2_CRAM	EQU 0x08300
                                 +1        198         395 
  000083E0                       +1        199         396 BGCOL_CRAM		EQU 0x083E0 ;for the background color
                                 +1        200         397 
  000083F0                       +1        201         398 WINDOW_CRAM		EQU 0x083F0
                                 +1        202         399 
                                 +1        203         400 
                                 +1        204         401 ;=======================================================
                                 +1        205         402 
                                 +1        206         403 
                                 +1        207         404 
                                 +0         22         405 	$include	"glbwork.inc"
                                 +1          1         406 ;================================================================
                                 +1          2         407 ; global vars
                                 +1          3         408 ;================================================================
                                 +1          4         409 
                                 +1          5         410 	extern medium start_work
                                 +1          6         411 	extern medium stopper
                                 +1          7         412 	extern medium frame_cnt
                                 +1          8         413 
                                 +1          9         414 ;================================================================
                                 +1         10         415 
                                 +0         23         416 	$include	"game.inc"
                                 +1          1         417 ;================================================================
                                 +1          2         418 ; GAME EQU
                                 +1          3         419 ;================================================================
                                 +1          4         420 
  000000A0                       +1          5         421 disp_size_x		EQU	160		; X screen size
                                 +1          6         422 
  00000098                       +1          7         423 disp_size_y		EQU	152		; Y screen size
                                 +1          8         424 
  00000040                       +1          9         425 obj_max		EQU	64		; number of maximum sprites
                                 +1         10         426 
                                 +1         11         427 ;================================================================
                                 +1         12         428 
                                 +0         24         429 	
                                 +0         25         430 ;-------------------------------------------------------
                                 +0         26         431 PROG	section code large				;
                                 +0         27         432 ;-------------------------------------------------------
                                 +0         28         433 ;-------------------------------------------------------
                                 +0         29         434 ;		INITIALIZATION
                                 +0         30         435 ;-------------------------------------------------------
00000000                         +0         31         436 init_setting:
                                 +0         32         437 ;  ---- SHUTDOWN ON DUE TO NO USE ---- 
00000000  F1866FBE               +0         33         438 	setb	TIMER_SHUTDOWN_ANS,(User_Answer)
                                 +0         34         439 
                                 +0         35         440 ;  ---- VECTOR DEFINITION ----
00000004  F200000034           R +0         36         441 	lda	xix,RAM_Vector
00000009  F1B86F35               +0         37         442 	lda	xiy,0x06fb8				;vector start address
0000000D  2212                   +0         38         443 	ldb	b,18
0000000F                         +0         39         444 vect_copy:
0000000F  E5F220                 +0         40         445 	ldl	xwa,(xix+)
00000012  F5F660                 +0         41         446 	ldl	(xiy+),xwa
00000015  CA1CF7                 +0         42         447 	djnz	b,vect_copy
                                 +0         43         448 
                                 +0         44         449 ;  ---- INITIALIZATION OF VRAM ----
00000018  1E4E00                 +0         45         450 	calr	sprite_clr
0000001B  1E5F00                 +0         46         451 	calr	scroll_clr
0000001E  1E7200                 +0         47         452 	calr	plaet_seting
                                 +0         48         453 
00000021  E8A8                   +0         49         454 	ldl	xwa,0
                                 +0         50         455 
                                 +0         51         456 ;  ---- I/O INITIALIZATION ----
                                 +0         52         457 ;sprites
00000023  F1208041               +0         53         458 	ldb	(SPR_OFFSET_X_ADR),a			;
00000027  F1218041               +0         54         459 	ldb	(SPR_OFFSET_Y_ADR),a			;
                                 +0         55         460 ;scroll plane
0000002B  F1328041               +0         56         461 	ldb	(SCRL_X1_ADR),a			;
0000002F  F1338041               +0         57         462 	ldb	(SCRL_Y1_ADR),a			;
00000033  F1348041               +0         58         463 	ldb	(SCRL_X2_ADR),a			;
00000037  F1358041               +0         59         464 	ldb	(SCRL_Y2_ADR),a			;
0000003B  F1308041               +0         60         465 	ldb	(SCRL_PRIO_ADR),a			;
                                 +0         61         466 ;window
0000003F  F1028041               +0         62         467 	ldb	(WIN_WBAX_ADR),a			;
00000043  F1038041               +0         63         468 	ldb	(WIN_WBAY_ADR),a			;
00000047  F1048000A0             +0         64         469 	ldb	(WIN_WSIX_ADR),disp_size_x		;screen horizontal size
0000004C  F105800098             +0         65         470 	ldb	(WIN_WSIY_ADR),disp_size_y		;screen vertical size
                                 +0         66         471 
                                 +0         67         472 ;  ---- WORK INITIALIZATION ----
00000051  310002                 +0         68         473 	ldw     bc,0x2000/4/4			;all work area
00000054  4400000000           R +0         69         474 	ldl	xix,start_work			;
                                 +0         70         475 	
00000059                         +0         71         476 work_init_loop:
00000059  F5F260                 +0         72         477 	ldl	(xix+),xwa				;
0000005C  F5F260                 +0         73         478 	ldl	(xix+),xwa				;
0000005F  F5F260                 +0         74         479 	ldl	(xix+),xwa				;
00000062  F5F260                 +0         75         480 	ldl	(xix+),xwa				;
00000065  D91CF1                 +0         76         481 	djnz    bc,work_init_loop			;
                                 +0         77         482 
00000068  0E                     +0         78         483 	ret
                                 +0         79         484 ;-------------------------------------------------------
                                 +0         80         485 
                                 +0         81         486 ;-------------------------------------------------------
                                 +0         82         487 ;		SPRITE RAM CLEAR
                                 +0         83         488 ;-------------------------------------------------------
00000069                         +0         84         489 sprite_clr:
00000069  D8A8                   +0         85         490 	ldw	wa,0
0000006B  314000                 +0         86         491 	ldw     bc,obj_max				;display VRAM and display work clear
0000006E  4400880000             +0         87         492 	ldl	xix,SPR_VRAM
                                 +0         88         493 
00000073                         +0         89         494 sprite_loop:
00000073  F5F150                 +0         90         495 	ldw	(xix+),wa
00000076  F5F150                 +0         91         496 	ldw	(xix+),wa
00000079  D91CF7                 +0         92         497 	djnz    bc,sprite_loop
                                 +0         93         498 
0000007C  0E                     +0         94         499 	ret
                                 +0         95         500 ;-------------------------------------------------------
                                 +0         96         501 ;-------------------------------------------------------
                                 +0         97         502 ; 		SCROLL RAM CLEAR
                                 +0         98         503 ;-------------------------------------------------------
0000007D                         +0         99         504 scroll_clr:
0000007D  310004                 +0        100         505 	ldw     bc,1024				;display RAM and display work clear
00000080  4400900000             +0        101         506 	ldl	xix,SCRL1_VRAM
                                 +0        102         507 
00000085                         +0        103         508 scroll_loop:
00000085  F5F1022000             +0        104         509 	ldw	(xix+),0x0020
0000008A  F5F1022000             +0        105         510 	ldw	(xix+),0x0020
0000008F  D91CF3                 +0        106         511 	djnz    bc,scroll_loop
                                 +0        107         512 
00000092  0E                     +0        108         513 	ret
                                 +0        109         514 ;-------------------------------------------------------
                                 +0        110         515 ;-------------------------------------------------------
                                 +0        111         516 ;		PALETTE DEIFINITION	
                                 +0        112         517 ;-------------------------------------------------------
00000093                         +0        113         518 plaet_seting:
00000093  F1018134               +0        114         519 	ldal	xix,PL_SPR_00
00000097  F200000035           R +0        115         520 	ldal	xiy,pal_data
0000009C  310306                 +0        116         521 	ldw	bc,0x0603				;sprite palette 2 + scroll palette 4
                                 +0        117         522 
0000009F                         +0        118         523 palet_loop:
0000009F  C5F421                 +0        119         524 	ldb	a,(xiy+)
000000A2  F5F041                 +0        120         525 	ldb	(xix+),a
000000A5  CB1CF7                 +0        121         526 	djnz    c,palet_loop
                                 +0        122         527 
000000A8  2303                   +0        123         528 	ldb     c,3
000000AA  EC61                   +0        124         529 	incl	1,xix
000000AC  CA1CF0                 +0        125         530 	djnz    b,palet_loop
000000AF  0E                     +0        126         531 	ret
                                 +0        127         532 ;-------------------------------------------------------
                                 +0        128         533 ;=======================================================
                                 +0        129         534 ;		PALETTE DATA
                                 +0        130         535 ;=======================================================
000000B0                         +0        131         536 pal_data:
000000B0  000007                 +0        132         537 	db	0x00,0x00,0x07				;sprite palette 0
000000B3  000007                 +0        133         538 	db	0x00,0x00,0x07				;sprite palette 1
                                 +0        134         539 
000000B6  010203                 +0        135         540 	db	0x01,0x02,0x03				;scroll 0 palette 0
000000B9  010203                 +0        136         541 	db	0x01,0x02,0x03				;scroll 0 palette 1
000000BC  010203                 +0        137         542 	db	0x01,0x02,0x03				;scroll 1 palette 0
000000BF  010203                 +0        138         543 	db	0x01,0x02,0x03				;scroll 1 palette 1
000000C2                         +0        139         544 	align   2	
                                 +0        140         545 ;=======================================================
                                 +0        141         546 ;-------------------------------------------------------
                                 +0        142         547 	end
                                 +0        143         548 ;-------------------------------------------------------

Assembly complete, No error
TLCS-900 Relocatable Assembler (32) V2.2k  [Page     2]  init.lst

Symbol table listing
--------------------

Symbol           Category         Value     Attribute

ALARM_BOOT_REQ           NUM      00000007  A           
BAT_SHUTDOWN_REQ
                         NUM      00000005  A           
BGCOL_CRAM               NUM      000083E0  A           
BG_COLOR                 NUM      00008118  A           
Battery_Voltage          NUM      00006F80  A           
CHR_VRAM                 NUM      0000A000  A           
DISP_CTL0                NUM      00008000  A           
INT_CLR_BIT              NUM      00000007  A           
LCD_CTR_ADD              NUM      00008012  A           
Language                 NUM      00006F87  A           
MP_SHUTDOWN_REQ          NUM      00000007  A           
OS_Version               NUM      00006F91  A           
PAL_SCR1_00              NUM      00008111  A           
PAL_SCR1_01              NUM      00008112  A           
PAL_SCR1_02              NUM      00008113  A           
PAL_SCR1_10              NUM      00008115  A           
PAL_SCR1_11              NUM      00008116  A           
PAL_SCR1_12              NUM      00008117  A           
PL_SCR0_00               NUM      00008109  A           
PL_SCR0_01               NUM      0000810A  A           
PL_SCR0_02               NUM      0000810B  A           
PL_SCR0_10               NUM      0000810D  A           
PL_SCR0_11               NUM      0000810E  A           
PL_SCR0_12               NUM      0000810F  A           
PL_SPR_00                NUM      00008101  A           
PL_SPR_01                NUM      00008102  A           
PL_SPR_02                NUM      00008103  A           
PL_SPR_10                NUM      00008105  A           
PL_SPR_11                NUM      00008106  A           
PL_SPR_12                NUM      00008107  A           
POWER_BOOT_REQ           NUM      00000006  A           
PROG             C L     SEC      00000000  R C2        
RAM_Vector                        00000000  R EXT       
RESET_ADD                NUM      000087E0  A           
RESUME_ANS               NUM      00000007  A           
RESUME_BOOT_REQ          NUM      00000005  A           
SCRL1_VRAM               NUM      00009000  A           
SCRL2_VRAM               NUM      00009800  A           
SCRL_PRIO_ADR            NUM      00008030  A           
SCRL_X1_ADR              NUM      00008032  A           
SCRL_X2_ADR              NUM      00008034  A           
SCRL_Y1_ADR              NUM      00008033  A           
SCRL_Y2_ADR              NUM      00008035  A           
SCROLL1_CRAM             NUM      00008280  A           
SCROLL2_CRAM             NUM      00008300  A           
SPRITE_CRAM              NUM      00008200  A           
SPR_OFFSET_X_ADR
                         NUM      00008020  A           
SPR_OFFSET_Y_ADR
                         NUM      00008021  A           
SPR_VRAM                 NUM      00008800  A           
STS_RG_ADD               NUM      00008010  A           
SYS_FAILURE              NUM      000000FF  A           
SYS_SUCCESS              NUM      00000000  A           
Sys_lever                NUM      00006F82  A           
TIMER_SHUTDOWN_ANS
                         NUM      00000006  A           
TIME_SHUTDOWN_REQ
                         NUM      00000006  A           
User_Answer              NUM      00006F86  A           
User_Boot                NUM      00006F84  A           
User_Shutdown            NUM      00006F85  A           
VECT_ALARMDOWNSET
                         NUM      0000000B  A           
VECT_ALARMSET            NUM      00000009  A           
VECT_CLOCKGEARSET
                         NUM      00000001  A           
VECT_FLASHALLERS
                         NUM      00000007  A           
VECT_FLASHERS            NUM      00000008  A           
VECT_FLASHPROTECT
                         NUM      0000000D  A           
VECT_FLASHWRITE          NUM      00000006  A           
VECT_GEMODESET           NUM      0000000E  A           
VECT_INTLVSET            NUM      00000004  A           
VECT_RTCGET              NUM      00000002  A           
VECT_SHUTDOWN            NUM      00000000  A           
VECT_SYSFONTSET          NUM      00000005  A           
VERSION_ADD              NUM      000087FE  A           
WDCR                     NUM      0000006F  A           
WD_CLR                   NUM      0000004E  A           
WD_LCDST_HPOS            NUM      00008008  A           
WD_LCDST_VPOS            NUM      00008009  A           
WINDOW_CRAM              NUM      000083F0  A           
WIN_WBAX_ADR             NUM      00008002  A           
WIN_WBAY_ADR             NUM      00008003  A           
WIN_WSIX_ADR             NUM      00008004  A           
WIN_WSIY_ADR             NUM      00008005  A           
_ALARM_BOOT_REQ          NUM      00000080  A           
_BAT_SHUTDOWN_REQ
                         NUM      00000020  A           
_INT_CLR_BIT             NUM      00000080  A           
_MP_SHUTDOWN_REQ
                         NUM      00000080  A           
_POWER_BOOT_REQ          NUM      00000040  A           
_RESUME_ANS              NUM      00000080  A           
_RESUME_BOOT_REQ
                         NUM      00000020  A           
_TIMER_SHUTDOWN_ANS
                         NUM      00000040  A           
_TIME_SHUTDOWN_REQ
                         NUM      00000040  A           
disp_size_x              NUM      000000A0  A           
disp_size_y              NUM      00000098  A           
init                     MOD
init_setting     C L     LAB      00000000  R PUB       PROG
obj_max                  NUM      00000040  A           
pal_data         C L     LAB      000000B0  R           PROG
palet_loop       C L     LAB      0000009F  R           PROG
plaet_seting     C L     LAB      00000093  R           PROG
scroll_clr       C L     LAB      0000007D  R           PROG
scroll_loop      C L     LAB      00000085  R           PROG
sprite_clr       C L     LAB      00000069  R           PROG
sprite_loop      C L     LAB      00000073  R           PROG
start_work                        00000000  R EXT       
vect_copy        C L     LAB      0000000F  R           PROG
work_init_loop   C L     LAB      00000059  R           PROG


TOTAL
  104 user defined symbol(s)
    2 unreferenced external symbol(s)
