(C)Copyright TOSHIBA CORPORATION 1993-2009  All rights reserved
Wed Jun 03 22:50:58 2020
TLCS-900 Relocatable Assembler (32) V2.2k  [Page     1]  scroll.lst
Runtime option : c:\Program Files (x86)\TOSHIBA\T900\bin\asm900.exe -Nb2 -O1 -g -l scroll.asm

Location  Object                           Ins        Line Source Statement

                                 +0          1           1 ;*****************************************
                                 +0          2           2 ;	Scroll functions 
                                 +0          3           3 ;*****************************************
                                 +0          4           4 	$MAXIMUM
                                 +0          5           5 	module scroll
                                 +0          6           6 
                                 +0          7           7 ;  ---------------------------------
                                 +0          8           8 ;	EXTERNAL LOOK UP
                                 +0          9           9 ;  ---------------------------------
                                 +0         10          10 	extern medium scroll_x,scroll_y,scroll_mode
                                 +0         11          11 	
                                 +0         12          12 ;  ---------------------------------
                                 +0         13          13 ;   EXTERNAL DEFINITION
                                 +0         14          14 ;  ---------------------------------
                                 +0         15          15 	public scroll_set
                                 +0         16          16 	public scroll_get_tile
                                 +0         17          17 	public scroll_copy
                                 +0         18          18 
                                 +0         19          19 ;  ---------------------------------
                                 +0         20          20 ;	INCLUDE
                                 +0         21          21 ;  ---------------------------------
                                 +0         22          22 	$include "k1head.inc"
                                 +1          1          23 ;=======================================================
                                 +1          2          24 
                                 +1          3          25 ;		SYSTEM RELATED EQU
                                 +1          4          26 
                                 +1          5          27 ;=======================================================
                                 +1          6          28 
  00008000                       +1          7          29 DISP_CTL0		EQU	0x08000			;interrupt control register
                                 +1          8          30 
                                 +1          9          31 ;D7 : 1 = Vint allowed / 0 = not allowed
                                 +1         10          32 
                                 +1         11          33 ;D6 : 1 = Hint allowed / 0 = not allowed
                                 +1         12          34 
                                 +1         13          35 
                                 +1         14          36 
  00008010                       +1         15          37 STS_RG_ADD		EQU	0x08010			;2D status register (READ)
                                 +1         16          38 
                                 +1         17          39 ;D7 : 1 = character over / 0 = no character over
                                 +1         18          40 
                                 +1         19          41 ;D6 : 1 = while V blanking / 0 = while in display mode
                                 +1         20          42 
                                 +1         21          43 
                                 +1         22          44 
  00008012                       +1         23          45 LCD_CTR_ADD		EQU	0x08012			;2D control register
                                 +1         24          46 
                                 +1         25          47 ;D7 : 1 = screen color inverse display / 0 = normal display
                                 +1         26          48 
                                 +1         27          49 ;D2`D0 : outside window frame color CODE
                                 +1         28          50 
                                 +1         29          51 
                                 +1         30          52 
  00008118                       +1         31          53 BG_COLOR		EQU 0x08118			;Background color register
                                 +1         32          54 
                                 +1         33          55 ;D7`D6: BGON. D7 = 1, D6 = 0: Use specified BG color. Defaults to D7/D6 both 0
                                 +1         34          56 
                                 +1         35          57 ;D2`D0: BG color code
                                 +1         36          58 
                                 +1         37          59 
                                 +1         38          60 
                                 +1         39          61 
  000087E0                       +1         40          62 RESET_ADD		EQU	0X087E0			;2D software reset (WRITE)
                                 +1         41          63 
                                 +1         42          64 ;2D cicuit initialization with "52" write
                                 +1         43          65 
                                 +1         44          66 
                                 +1         45          67 
  000087FE                       +1         46          68 VERSION_ADD		EQU	0x087FE			;2D cicuit version (READ)
                                 +1         47          69 
                                 +1         48          70 ;D7 : 1 = white LCD panel /0 = balck LCD panel 
                                 +1         49          71 
                                 +1         50          72 ;D5`D0 : 2D circuit version
                                 +1         51          73 
                                 +1         52          74 
                                 +1         53          75 
                                 +1         54          76 
                                 +1         55          77 
                                 +1         56          78 ;=======================================================
                                 +1         57          79 
                                 +1         58          80 ;		CHARACTER EQU
                                 +1         59          81 
                                 +1         60          82 ;=======================================================
                                 +1         61          83 
  0000A000                       +1         62          84 CHR_VRAM		EQU	0x0A000			;character data RAM address
                                 +1         63          85 
                                 +1         64          86 
                                 +1         65          87 
                                 +1         66          88 
                                 +1         67          89 
                                 +1         68          90 ;=======================================================
                                 +1         69          91 
                                 +1         70          92 ;		SCROLL EQU
                                 +1         71          93 
                                 +1         72          94 ;=======================================================
                                 +1         73          95 
  00009000                       +1         74          96 SCRL1_VRAM		EQU	0x09000
                                 +1         75          97 
  00009800                       +1         76          98 SCRL2_VRAM		EQU	0x09800
                                 +1         77          99 
                                 +1         78         100 
                                 +1         79         101 
  00008030                       +1         80         102 SCRL_PRIO_ADR		EQU	0X08030			;scroll priority level invert register 
                                 +1         81         103 
  00008032                       +1         82         104 SCRL_X1_ADR		EQU	0x08032			;scroll 1 offset H register
                                 +1         83         105 
  00008033                       +1         84         106 SCRL_Y1_ADR		EQU	0x08033			;scroll 1 offset V register
                                 +1         85         107 
  00008034                       +1         86         108 SCRL_X2_ADR		EQU	0x08034			;scroll 2 offset H register
                                 +1         87         109 
  00008035                       +1         88         110 SCRL_Y2_ADR		EQU	0x08035			;scroll 2 offset V register
                                 +1         89         111 
                                 +1         90         112 
                                 +1         91         113 
                                 +1         92         114 ;=======================================================
                                 +1         93         115 
                                 +1         94         116 ;		SPRITE EQU
                                 +1         95         117 
                                 +1         96         118 ;=======================================================
                                 +1         97         119 
  00008800                       +1         98         120 SPR_VRAM		EQU	0x08800
                                 +1         99         121 
  00008020                       +1        100         122 SPR_OFFSET_X_ADR	EQU	0x08020			;sprite offset H
                                 +1        101         123 
  00008021                       +1        102         124 SPR_OFFSET_Y_ADR	EQU	0x08021			;sprite offset V
                                 +1        103         125 
  00008C00                       +1        104         126 SPR_PALCODE EQU 0x8C00 ;what palette # to use for each sprite 
                                 +1        105         127 
                                 +1        106         128 
                                 +1        107         129 
                                 +1        108         130 
                                 +1        109         131 ;=======================================================
                                 +1        110         132 
                                 +1        111         133 ;		WINDOW SYSTEM EQU
                                 +1        112         134 
                                 +1        113         135 ;=======================================================
                                 +1        114         136 
  00008002                       +1        115         137 WIN_WBAX_ADR		EQU	0x08002			;window origin H
                                 +1        116         138 
  00008003                       +1        117         139 WIN_WBAY_ADR		EQU	0x08003			;window origin V
                                 +1        118         140 
  00008004                       +1        119         141 WIN_WSIX_ADR		EQU	0x08004			;window size H
                                 +1        120         142 
  00008005                       +1        121         143 WIN_WSIY_ADR		EQU	0x08005			;window size V
                                 +1        122         144 
                                 +1        123         145 
                                 +1        124         146 
  00008008                       +1        125         147 WD_LCDST_HPOS		EQU	0x08008			;raster H position register (READ)
                                 +1        126         148 
  00008009                       +1        127         149 WD_LCDST_VPOS		EQU	0x08009			;raster V position register (READ)
                                 +1        128         150 
                                 +1        129         151 
                                 +1        130         152 
                                 +1        131         153 ;=======================================================
                                 +1        132         154 
                                 +1        133         155 ;		PALETTE EQU
                                 +1        134         156 
                                 +1        135         157 ;=======================================================
                                 +1        136         158 
                                 +1        137         159 ;sprite palette 0
                                 +1        138         160 
  00008101                       +1        139         161 PL_SPR_00		EQU	0x08101	
                                 +1        140         162 
  00008102                       +1        141         163 PL_SPR_01		EQU	0x08102
                                 +1        142         164 
  00008103                       +1        143         165 PL_SPR_02		EQU	0x08103
                                 +1        144         166 
                                 +1        145         167 ;sprite palette 1
                                 +1        146         168 
  00008105                       +1        147         169 PL_SPR_10		EQU	0x08105
                                 +1        148         170 
  00008106                       +1        149         171 PL_SPR_11		EQU	0x08106
                                 +1        150         172 
  00008107                       +1        151         173 PL_SPR_12		EQU	0x08107
                                 +1        152         174 
                                 +1        153         175 
                                 +1        154         176 
                                 +1        155         177 ;scroll 0 palette 0
                                 +1        156         178 
  00008109                       +1        157         179 PL_SCR0_00		EQU	0x08109
                                 +1        158         180 
  0000810A                       +1        159         181 PL_SCR0_01		EQU	0x0810A
                                 +1        160         182 
  0000810B                       +1        161         183 PL_SCR0_02		EQU	0x0810B
                                 +1        162         184 
                                 +1        163         185 ;scroll 0 palette 1
                                 +1        164         186 
  0000810D                       +1        165         187 PL_SCR0_10		EQU	0x0810D
                                 +1        166         188 
  0000810E                       +1        167         189 PL_SCR0_11		EQU	0x0810E
                                 +1        168         190 
  0000810F                       +1        169         191 PL_SCR0_12		EQU	0x0810F
                                 +1        170         192 
                                 +1        171         193 ;scroll 1 palette 0
                                 +1        172         194 
  00008111                       +1        173         195 PAL_SCR1_00		EQU	0x08111
                                 +1        174         196 
  00008112                       +1        175         197 PAL_SCR1_01		EQU	0x08112
                                 +1        176         198 
  00008113                       +1        177         199 PAL_SCR1_02		EQU	0x08113
                                 +1        178         200 
                                 +1        179         201 ;scroll 1 palette 1
                                 +1        180         202 
  00008115                       +1        181         203 PAL_SCR1_10		EQU	0x08115
                                 +1        182         204 
  00008116                       +1        183         205 PAL_SCR1_11		EQU	0x08116
                                 +1        184         206 
  00008117                       +1        185         207 PAL_SCR1_12		EQU	0x08117
                                 +1        186         208 
                                 +1        187         209 
                                 +1        188         210 ;=======================================================
                                 +1        189         211 
                                 +1        190         212 ;		COLOR PALETTE RAM EQU
                                 +1        191         213 
                                 +1        192         214 ;=======================================================
                                 +1        193         215 
  00008200                       +1        194         216 SPRITE_CRAM		EQU 0x08200
                                 +1        195         217 
  00008280                       +1        196         218 SCROLL1_CRAM	EQU 0x08280
                                 +1        197         219 
  00008300                       +1        198         220 SCROLL2_CRAM	EQU 0x08300
                                 +1        199         221 
  000083E0                       +1        200         222 BGCOL_CRAM		EQU 0x083E0 ;for the background color
                                 +1        201         223 
  000083F0                       +1        202         224 WINDOW_CRAM		EQU 0x083F0
                                 +1        203         225 
                                 +1        204         226 
                                 +1        205         227 ;=======================================================
                                 +1        206         228 
                                 +1        207         229 
                                 +1        208         230 
                                 +0         23         231 	$include "system.inc"
                                 +1          1         232 ;-----------------------------------------------------------------
                                 +1          2         233 
                                 +1          3         234 ;	SYSTEM CALL
                                 +1          4         235 
                                 +1          5         236 ;-----------------------------------------------------------------
                                 +1          6         237 
  00000000                       +1          7         238 SYS_SUCCESS		equ	0x00			;run success
                                 +1          8         239 
  000000FF                       +1          9         240 SYS_FAILURE		equ	0xff			;run failure
                                 +1         10         241 
                                 +1         11         242 ;-----------------------------------------------------------------
                                 +1         12         243 
  00000000                       +1         13         244 VECT_SHUTDOWN		equ	0x00			;shutdown (power OFF)
                                 +1         14         245 
  00000001                       +1         15         246 VECT_CLOCKGEARSET	equ	0x01			;clock gear change
                                 +1         16         247 
  00000002                       +1         17         248 VECT_RTCGET		equ	0x02			;obtain time
                                 +1         18         249 
  00000004                       +1         19         250 VECT_INTLVSET		equ	0x04			;set interrupt level
                                 +1         20         251 
  00000005                       +1         21         252 VECT_SYSFONTSET	equ	0x05			;set system font
                                 +1         22         253 
  00000006                       +1         23         254 VECT_FLASHWRITE	equ	0x06			;flash memory data write
                                 +1         24         255 
  00000007                       +1         25         256 VECT_FLASHALLERS	equ	0x07			;flash memory erase all blocks
                                 +1         26         257 
  00000008                       +1         27         258 VECT_FLASHERS		equ	0x08			;flash memory erase specified blocks
                                 +1         28         259 
  00000009                       +1         29         260 VECT_ALARMSET		equ	0x09			;game alarm setting
                                 +1         30         261 
  0000000B                       +1         31         262 VECT_ALARMDOWNSET	equ	0x0b			;alarm setting during shutdown
                                 +1         32         263 
  0000000D                       +1         33         264 VECT_FLASHPROTECT	equ	0x0d			;protect using tool
                                 +1         34         265 
  0000000E                       +1         35         266 VECT_GEMODESET	equ	0x0e			;switching GE mode
                                 +1         36         267 
                                 +1         37         268 ;-----------------------------------------------------------------
                                 +1         38         269 
                                 +1         39         270 ;	SYSTEM BIT EQU
                                 +1         40         271 
                                 +1         41         272 ;-----------------------------------------------------------------
                                 +1         42         273 
  00000007                       +1         43         274 INT_CLR_BIT		equ	0x07			;interrupt request clear bit
                                 +1         44         275 
  00000080                       +1         45         276 _INT_CLR_BIT		equ	0y10000000		;
                                 +1         46         277 
                                 +1         47         278 ;-----------------------------------------------------------------
                                 +1         48         279 
                                 +1         49         280 ;	SYSTEM WORK
                                 +1         50         281 
                                 +1         51         282 ;-----------------------------------------------------------------
                                 +1         52         283 
  00006F80                       +1         53         284 Battery_Voltage	equ	0x6f80			;estimated voltage
                                 +1         54         285 
  00006F82                       +1         55         286 Sys_lever		equ	0x6f82			;lever value
                                 +1         56         287 
  00006F87                       +1         57         288 Language		equ	0x6f87			;language chosen
                                 +1         58         289 
  00006F85                       +1         59         290 User_Shutdown		equ	0x6f85			;shutdown re1uest bit
                                 +1         60         291 
  00006F84                       +1         61         292 User_Boot		equ	0x6f84			;startup bit flag
                                 +1         62         293 
  00006F86                       +1         63         294 User_Answer		equ	0x6f86			;user request bit
                                 +1         64         295 
  00006F91                       +1         65         296 OS_Version		equ	0x6f91			;system version reserve work
                                 +1         66         297 
                                 +1         67         298 ;-----------------------------------------------------------------
                                 +1         68         299 
                                 +1         69         300 ;	WATCH DOG
                                 +1         70         301 
                                 +1         71         302 ;-----------------------------------------------------------------
                                 +1         72         303 
  0000006F                       +1         73         304 WDCR			equ	0x06F		;watch dog control address
                                 +1         74         305 
  0000004E                       +1         75         306 WD_CLR			equ	0x04e		;watch dog clear code
                                 +1         76         307 
                                 +1         77         308 ;-----------------------------------------------------------------
                                 +1         78         309 
                                 +1         79         310 ;	SYSTEM WORK BIT
                                 +1         80         311 
                                 +1         81         312 ;-----------------------------------------------------------------
                                 +1         82         313 
  00000001                       +1         83         314 JOY_UP 		equ 0x1
  00000002                       +1         84         315 JOY_DOWN 	equ 0x2
  00000004                       +1         85         316 JOY_LEFT 	equ 0x4
  00000008                       +1         86         317 JOY_RIGHT 	equ 0x8
  00000010                       +1         87         318 JOY_A		equ 0x10
  00000020                       +1         88         319 JOY_B		equ 0x20
  00000040                       +1         89         320 JOY_OPTION	equ 0x40
                                 +1         90         321 
  00000000                       +1         91         322 BIT_UP		equ 0
  00000001                       +1         92         323 BIT_DOWN	equ 1
  00000002                       +1         93         324 BIT_LEFT	equ 2
  00000003                       +1         94         325 BIT_RIGHT	equ 3
  00000004                       +1         95         326 BIT_A		equ 4
  00000005                       +1         96         327 BIT_B		equ 5
  00000006                       +1         97         328 BIT_OPTION	equ 6
                                 +1         98         329 
                                 +1         99         330 ;======================================================= 
                                 +1        100         331 
                                 +1        101         332 ;	USER START UP BIT
                                 +1        102         333 
                                 +1        103         334 ;======================================================= 
                                 +1        104         335 
                                 +1        105         336 ;User_Boot
                                 +1        106         337 
                                 +1        107         338 ;	00000000
                                 +1        108         339 
                                 +1        109         340 ;	||+------ resume startup			0:not resume startup		1:resume startup
                                 +1        110         341 
                                 +1        111         342 ;	|+------- POWER startup			0:not POWER startup		1:POWER startup
                                 +1        112         343 
                                 +1        113         344 ;	+-------- alarm startup			0:not alarm statup		1:alarm statup
                                 +1        114         345 
                                 +1        115         346 ;	=================================================
                                 +1        116         347 
                                 +1        117         348 
                                 +1        118         349 
  00000007                       +1        119         350 ALARM_BOOT_REQ		equ	0x07
                                 +1        120         351 
  00000006                       +1        121         352 POWER_BOOT_REQ		equ	0x06
                                 +1        122         353 
  00000005                       +1        123         354 RESUME_BOOT_REQ		equ	0x05
                                 +1        124         355 
  00000080                       +1        125         356 _ALARM_BOOT_REQ		equ	0y10000000
                                 +1        126         357 
  00000040                       +1        127         358 _POWER_BOOT_REQ		equ	0y01000000
                                 +1        128         359 
  00000020                       +1        129         360 _RESUME_BOOT_REQ	equ	0y00100000
                                 +1        130         361 
                                 +1        131         362 
                                 +1        132         363 
                                 +1        133         364 ;======================================================= 
                                 +1        134         365 
                                 +1        135         366 ;	USER SHUTDOWN BIT
                                 +1        136         367 
                                 +1        137         368 ;======================================================= 
                                 +1        138         369 
                                 +1        139         370 ;User_Shutdown
                                 +1        140         371 
                                 +1        141         372 ;	00000000
                                 +1        142         373 
                                 +1        143         374 ;	||+--------- main power use shutdown request	0:no request	1:request
                                 +1        144         375 
                                 +1        145         376 ;	|+---------- no use shutdown request		0:no request	1:request
                                 +1        146         377 
                                 +1        147         378 ;	+----------- power off shutdown request		0:no request	1:request
                                 +1        148         379 
                                 +1        149         380 ;	=================================================
                                 +1        150         381 
                                 +1        151         382 
                                 +1        152         383 
  00000007                       +1        153         384 MP_SHUTDOWN_REQ	equ	0x07
                                 +1        154         385 
  00000006                       +1        155         386 TIME_SHUTDOWN_REQ	equ	0x06
                                 +1        156         387 
  00000005                       +1        157         388 BAT_SHUTDOWN_REQ	equ	0x05
                                 +1        158         389 
  00000080                       +1        159         390 _MP_SHUTDOWN_REQ	equ	0y10000000
                                 +1        160         391 
  00000040                       +1        161         392 _TIME_SHUTDOWN_REQ	equ	0y01000000
                                 +1        162         393 
  00000020                       +1        163         394 _BAT_SHUTDOWN_REQ	equ	0y00100000
                                 +1        164         395 
                                 +1        165         396 
                                 +1        166         397 
                                 +1        167         398 ;======================================================= 
                                 +1        168         399 
                                 +1        169         400 ;	USER ANSWER BIT
                                 +1        170         401 
                                 +1        171         402 ;======================================================= 
                                 +1        172         403 
                                 +1        173         404 ;User_Answer
                                 +1        174         405 
                                 +1        175         406 ;	00000000
                                 +1        176         407 
                                 +1        177         408 ;	|+----------- no use shutdown operation	0:non-existent	1:exists
                                 +1        178         409 
                                 +1        179         410 ;	+------------ resume operation		0:non-existent	1:exists
                                 +1        180         411 
                                 +1        181         412 ;	=================================================
                                 +1        182         413 
                                 +1        183         414 
                                 +1        184         415 
  00000007                       +1        185         416 RESUME_ANS		equ	0x07
                                 +1        186         417 
  00000006                       +1        187         418 TIMER_SHUTDOWN_ANS	equ	0x06
                                 +1        188         419 
  00000080                       +1        189         420 _RESUME_ANS		equ	0y10000000
                                 +1        190         421 
  00000040                       +1        191         422 _TIMER_SHUTDOWN_ANS	equ	0y01000000
                                 +1        192         423 
                                 +0         24         424 	$include "graphics.inc"
                                 +1          1         425 ;*****************************************
                                 +1          2         426 ;	Graphics data 
                                 +1          3         427 ;*****************************************
                                 +1          4         428 
                                 +1          5         429 	extern palette
                                 +1          6         430 	extern palette_end
                                 +1          7         431 	extern tiles
                                 +1          8         432 	extern tiles_end
                                 +1          9         433 	extern map
                                 +1         10         434 	extern map_end
                                 +1         11         435 	extern hills
                                 +1         12         436 	extern hills_end
                                 +1         13         437 	extern hills_map
                                 +1         14         438 	extern hills_map_end
                                 +1         15         439 	extern hills_pal
                                 +1         16         440 	extern hills_pal_end
                                 +1         17         441 	extern guy
                                 +1         18         442 	extern guy_end
                                 +1         19         443 	extern guy_pal
                                 +1         20         444 	extern guy_pal_end
                                 +0         25         445 	
  00000014                       +0         26         446 TILES_X equ 20
  00000013                       +0         27         447 TILES_Y equ 19
  00000001                       +0         28         448 COPY_LEFT equ 1
  00000002                       +0         29         449 COPY_RIGHT equ 2
  00000004                       +0         30         450 COPY_UP equ 4
  00000008                       +0         31         451 COPY_DOWN equ 8
                                 +0         32         452 
                                 +0         33         453 ;-------------------------------------------------------
                                 +0         34         454 PROG section code large
                                 +0         35         455 ;-------------------------------------------------------
                                 +0         36         456 	
                                 +0         37         457 ;-------------------------------------------------------
                                 +0         38         458 ; scroll_set: set scroll to specified coords
                                 +0         39         459 ;-------------------------------------------------------
                                 +0         40         460 ; wa: x pos
                                 +0         41         461 ; bc: y pos
                                 +0         42         462 ;-------------------------------------------------------
00000000                         +0         43         463 scroll_set:
00000000  D10000F0             R +0         44         464 	cpw wa,(scroll_x)
00000004  660A                   +0         45         465 	j z,no_x
00000006  6D04                   +0         46         466 	j p,right_x
                                 +0         47         467 	
00000008                         +0         48         468 left_x: ;if scrolling to the left
00000008  2401                   +0         49         469 	ldb d,COPY_LEFT
0000000A  6806                   +0         50         470 	j done_x	
0000000C                         +0         51         471 right_x: ;if scrolling to the right
0000000C  2402                   +0         52         472 	ldb d,COPY_RIGHT
0000000E  6802                   +0         53         473 	j done_x
00000010                         +0         54         474 no_x: ;if values are the same
00000010  2400                   +0         55         475 	ldb d,0
00000012                         +0         56         476 done_x:
00000012  F1000050             R +0         57         477 	ldw (scroll_x),wa
                                 +0         58         478 	
00000016  D10000F1             R +0         59         479 	cpw bc,(scroll_y)
0000001A  660C                   +0         60         480 	j z,done_y
0000001C  6D05                   +0         61         481 	j p,down_y
                                 +0         62         482 
0000001E                         +0         63         483 up_y: ;if scrolling up
0000001E  CCCE04                 +0         64         484 	orb d,COPY_UP
00000021  6805                   +0         65         485 	j done_y
00000023                         +0         66         486 down_y: ;if scrolling down
00000023  CCCE08                 +0         67         487 	orb d,COPY_DOWN
00000026  6800                   +0         68         488 	j done_y
00000028                         +0         69         489 done_y: ;if values are the same
00000028  F1000044             R +0         70         490 	ldb (scroll_mode),d
0000002C  F1000051             R +0         71         491 	ldw (scroll_y),bc
00000030  0E                     +0         72         492 	ret
                                 +0         73         493 
                                 +0         74         494 
                                 +0         75         495 ;-------------------------------------------------------
                                 +0         76         496 ; scroll_get_tile: returns tile # at given coordinates in wa
                                 +0         77         497 ;-------------------------------------------------------
                                 +0         78         498 ; wa: x pos
                                 +0         79         499 ; bc: y pos
                                 +0         80         500 ;-------------------------------------------------------
00000031                         +0         81         501 scroll_get_tile:
00000031  D8EF03                 +0         82         502 	srlw 3,wa ;change pixels to 8x8 tiles
00000034  D9EF03                 +0         83         503 	srlw 3,bc
00000037  D9EC06                 +0         84         504 	slaw 6,bc ;64 tiles per row
0000003A  D881                   +0         85         505 	addw bc,wa
0000003C  D9EC01                 +0         86         506 	slaw 1,bc ;bytes->words
0000003F  D7E6A8                 +0         87         507 	ldw qbc,0
00000042  E9C800000000         R +0         88         508 	addl xbc,map
00000048  9120                   +0         89         509 	ldw wa,(xbc)
                                 +0         90         510 	; andw wa,0x1ff ;tile number is low 9 bits of map word
0000004A  0E                     +0         91         511 	ret
                                 +0         92         512 	
                                 +0         93         513 	
                                 +0         94         514 ;-------------------------------------------------------
                                 +0         95         515 ; scroll_copy: carry out scroll changes made in scroll_set (run during vblank)
                                 +0         96         516 ;-------------------------------------------------------	
0000004B                         +0         97         517 scroll_copy:
0000004B  C1000021             R +0         98         518 	ldb a,(scroll_x)
0000004F  C1000023             R +0         99         519 	ldb c,(scroll_y)
00000053  F1328041               +0        100         520 	ldb (SCRL_X1_ADR),a
00000057  F1338043               +0        101         521 	ldb (SCRL_Y1_ADR),c
                                 +0        102         522 	
0000005B  C1000021             R +0        103         523 	ldb a,(scroll_mode)
0000005F  C9CC01                 +0        104         524 	andb a,COPY_LEFT
00000062  661B                   +0        105         525 	j z,no_left
                                 +0        106         526 	;scrolling left
00000064  D7E2A8                 +0        107         527 	ldw qwa,0
00000067  D1000020             R +0        108         528 	ldw wa,(scroll_x)
0000006B  E8EF03                 +0        109         529 	srll 3,xwa ;divide by 8 to change pixels to 8x8 tiles
0000006E  E869                   +0        110         530 	decl 1,xwa ;start copying 1 tile before the screen
00000070  D7E6A8                 +0        111         531 	ldw qbc,0
00000073  D1000021             R +0        112         532 	ldw bc,(scroll_y)
00000077  E9EF03                 +0        113         533 	srll 3,xbc
0000007A  E969                   +0        114         534 	decl 1,xbc ;start copying 1 tile higher than the screen
0000007C  1E7500                 +0        115         535 	cal copy_column
                                 +0        116         536 	
0000007F                         +0        117         537 no_left:
0000007F  C1000021             R +0        118         538 	ldb a,(scroll_mode)
00000083  C9CC02                 +0        119         539 	andb a,COPY_RIGHT
00000086  661F                   +0        120         540 	j z,no_right
                                 +0        121         541 	;scrolling right
00000088  D7E2A8                 +0        122         542 	ldw qwa,0
0000008B  D1000020             R +0        123         543 	ldw wa,(scroll_x)
0000008F  E8EF03                 +0        124         544 	srll 3,xwa ;divide by 8 to change pixels to 8x8 tiles
00000092  E8C814000000           +0        125         545 	addl xwa,TILES_X ;start copying 1 tile after the screen
00000098  D7E6A8                 +0        126         546 	ldw qbc,0
0000009B  D1000021             R +0        127         547 	ldw bc,(scroll_y)
0000009F  E9EF03                 +0        128         548 	srll 3,xbc
000000A2  E969                   +0        129         549 	decl 1,xbc ;start copying 1 tile higher than the screen
000000A4  1E4D00                 +0        130         550 	cal copy_column
                                 +0        131         551 	
000000A7                         +0        132         552 no_right:
000000A7  C1000021             R +0        133         553 	ldb a,(scroll_mode)
000000AB  C9CC04                 +0        134         554 	andb a,COPY_UP
000000AE  661B                   +0        135         555 	j z,no_up
                                 +0        136         556 	;scrolling up
000000B0  D7E2A8                 +0        137         557 	ldw qwa,0
000000B3  D1000020             R +0        138         558 	ldw wa,(scroll_x)
000000B7  E8EF03                 +0        139         559 	srll 3,xwa ;divide by 8 to change pixels to 8x8 tiles
000000BA  E869                   +0        140         560 	decl 1,xwa ;start copying 1 tile before the screen
000000BC  D7E6A8                 +0        141         561 	ldw qbc,0
000000BF  D1000021             R +0        142         562 	ldw bc,(scroll_y)
000000C3  E9EF03                 +0        143         563 	srll 3,xbc
000000C6  E969                   +0        144         564 	decl 1,xbc ;start copying 1 tile higher than the screen
000000C8  1E8000                 +0        145         565 	cal copy_row
                                 +0        146         566 	
000000CB                         +0        147         567 no_up:
000000CB  C1000021             R +0        148         568 	ldb a,(scroll_mode)
000000CF  C9CC08                 +0        149         569 	andb a,COPY_DOWN
000000D2  661F                   +0        150         570 	j z,no_down
                                 +0        151         571 	;scrolling down
000000D4  D7E2A8                 +0        152         572 	ldw qwa,0
000000D7  D1000020             R +0        153         573 	ldw wa,(scroll_x)
000000DB  E8EF03                 +0        154         574 	srll 3,xwa ;divide by 8 to change pixels to 8x8 tiles
000000DE  E869                   +0        155         575 	decl 1,xwa ;start copying 1 tile before the screen
000000E0  D7E6A8                 +0        156         576 	ldw qbc,0
000000E3  D1000021             R +0        157         577 	ldw bc,(scroll_y)
000000E7  E9EF03                 +0        158         578 	srll 3,xbc
000000EA  E9C813000000           +0        159         579 	addl xbc,TILES_Y ;start copying 1 tile lower than the screen
000000F0  1E5800                 +0        160         580 	cal copy_row	
000000F3                         +0        161         581 no_down:
000000F3  0E                     +0        162         582 	ret
                                 +0        163         583 	
                                 +0        164         584 ;-------------------------------------------------------
                                 +0        165         585 ; copy_column: copy a column of scroll data into vram
                                 +0        166         586 ;-------------------------------------------------------
                                 +0        167         587 ; xwa: tile x
                                 +0        168         588 ; xbc: tile y
                                 +0        169         589 ;-------------------------------------------------------	
000000F4                         +0        170         590 copy_column:
                                 +0        171         591 ;get source address
000000F4  E88A                   +0        172         592 	ldl xde,xwa
000000F6  EAEC01                 +0        173         593 	slal 1,xde ;tile # to word #
000000F9  E98D                   +0        174         594 	ldl xiy,xbc
000000FB  EDEC07                 +0        175         595 	slal 7,xiy ;tile # * 128 bytes per row
000000FE  EA85                   +0        176         596 	addl xiy,xde ;source offset now in xiy
00000100  F200000032           R +0        177         597 	lda xde,map
                                 +0        178         598 ;get destination address
00000105  E8CC1F000000           +0        179         599 	andl xwa,0x1f ;virtual screen is 32x32 tiles
0000010B  E8EC01                 +0        180         600 	slal 1,xwa
0000010E  E9CC1F000000           +0        181         601 	andl xbc,0x1f
00000114  E98C                   +0        182         602 	ldl xix,xbc
00000116  ECEC06                 +0        183         603 	slal 6,xix ;tile # * 64 bytes per row
00000119  E884                   +0        184         604 	addl xix,xwa
0000011B  ECC800900000           +0        185         605 	addl xix,SCRL1_VRAM
                                 +0        186         606 	
00000121  2115                   +0        187         607 	ldb a,TILES_Y+2 ;want to go from 1 tile before the screen to 1 tile after
00000123                         +0        188         608 copy_col_loop:
00000123  EDCCFF1F0000           +0        189         609 	andl xiy,0x1fff ;keep source offset within tilemap (64*64*2)
00000129  ECCCFF970000           +0        190         610 	andl xix,0x97ff ;keep destination within scroll 1 vram	
0000012F  ED8A                   +0        191         611 	ldl xde,xiy
00000131  EAC800000000         R +0        192         612 	addl xde,map ;get absolute source address
00000137  9221                   +0        193         613 	ldw bc,(xde)
00000139  B451                   +0        194         614 	ldw (xix),bc
0000013B  EDC880000000           +0        195         615 	addl xiy,128 ;map is 64x64, so 128 bytes per row	
00000141  ECC840000000           +0        196         616 	addl xix,64 ;vram is 32x32, so 64 bytes per row
00000147  C91CD9                 +0        197         617 	djnz a,copy_col_loop
0000014A  0E                     +0        198         618 	ret
                                 +0        199         619 
                                 +0        200         620 ;-------------------------------------------------------
                                 +0        201         621 ; copy_row: copy a row of scroll data into vram
                                 +0        202         622 ;-------------------------------------------------------
                                 +0        203         623 ; xwa: tile x
                                 +0        204         624 ; xbc: tile y
                                 +0        205         625 ;-------------------------------------------------------	
0000014B                         +0        206         626 copy_row:	
                                 +0        207         627 ;get source address
0000014B  E88A                   +0        208         628 	ldl xde,xwa
0000014D  EAEC01                 +0        209         629 	slal 1,xde ;tile # to word #
00000150  E98D                   +0        210         630 	ldl xiy,xbc
00000152  EDEC07                 +0        211         631 	slal 7,xiy ;tile # * 128 bytes per row
00000155  EA85                   +0        212         632 	addl xiy,xde
00000157  EDC800000000         R +0        213         633 	addl xiy,map ;source address in xiy
                                 +0        214         634 ;get destination address
0000015D  C9CC1F                 +0        215         635 	andb a,0x1f ;virtual screen is 32x32 tiles
00000160  C9EC01                 +0        216         636 	slab 1,a ;row offset in a
00000163  E9CC1F000000           +0        217         637 	andl xbc,0x1f
00000169  E98C                   +0        218         638 	ldl xix,xbc
0000016B  ECEC06                 +0        219         639 	slal 6,xix ;tile # * 64 bytes per row
0000016E  ECC800900000           +0        220         640 	addl xix,SCRL1_VRAM ;destination address in xix
                                 +0        221         641 
00000174  2716                   +0        222         642 	ldb l,TILES_X+2 ;1 tile before the screen to 1 tile after
00000176                         +0        223         643 copy_row_loop:
00000176  C9CC3F                 +0        224         644 	andb a,0x3f ;keep offset within 1 row of scroll 1 vram
00000179  ECCCFF970000           +0        225         645 	andl xix,0x97ff ;keep destination within scroll 1 vram
0000017F  D5F521                 +0        226         646 	ldw bc,(xiy+)
00000182  F303F0E051             +0        227         647 	ldw (xix+a),bc
00000187  C9C802                 +0        228         648 	addb a,2
0000018A  CF1CE9                 +0        229         649 	djnz l,copy_row_loop
0000018D  0E                     +0        230         650 	ret
                                 +0        231         651 	
                                 +0        232         652 
                                 +0        233         653 
                                 +0        234         654 	
                                 +0        235         655 ;-------------------------------------------------------
                                 +0        236         656 	end
                                 +0        237         657 ;-------------------------------------------------------

Assembly complete, No error
TLCS-900 Relocatable Assembler (32) V2.2k  [Page     2]  scroll.lst

Symbol table listing
--------------------

Symbol           Category         Value     Attribute

ALARM_BOOT_REQ           NUM      00000007  A           
BAT_SHUTDOWN_REQ
                         NUM      00000005  A           
BGCOL_CRAM               NUM      000083E0  A           
BG_COLOR                 NUM      00008118  A           
BIT_A                    NUM      00000004  A           
BIT_B                    NUM      00000005  A           
BIT_DOWN                 NUM      00000001  A           
BIT_LEFT                 NUM      00000002  A           
BIT_OPTION               NUM      00000006  A           
BIT_RIGHT                NUM      00000003  A           
BIT_UP                   NUM      00000000  A           
Battery_Voltage          NUM      00006F80  A           
CHR_VRAM                 NUM      0000A000  A           
COPY_DOWN                NUM      00000008  A           
COPY_LEFT                NUM      00000001  A           
COPY_RIGHT               NUM      00000002  A           
COPY_UP                  NUM      00000004  A           
DISP_CTL0                NUM      00008000  A           
INT_CLR_BIT              NUM      00000007  A           
JOY_A                    NUM      00000010  A           
JOY_B                    NUM      00000020  A           
JOY_DOWN                 NUM      00000002  A           
JOY_LEFT                 NUM      00000004  A           
JOY_OPTION               NUM      00000040  A           
JOY_RIGHT                NUM      00000008  A           
JOY_UP                   NUM      00000001  A           
LCD_CTR_ADD              NUM      00008012  A           
Language                 NUM      00006F87  A           
MP_SHUTDOWN_REQ          NUM      00000007  A           
OS_Version               NUM      00006F91  A           
PAL_SCR1_00              NUM      00008111  A           
PAL_SCR1_01              NUM      00008112  A           
PAL_SCR1_02              NUM      00008113  A           
PAL_SCR1_10              NUM      00008115  A           
PAL_SCR1_11              NUM      00008116  A           
PAL_SCR1_12              NUM      00008117  A           
PL_SCR0_00               NUM      00008109  A           
PL_SCR0_01               NUM      0000810A  A           
PL_SCR0_02               NUM      0000810B  A           
PL_SCR0_10               NUM      0000810D  A           
PL_SCR0_11               NUM      0000810E  A           
PL_SCR0_12               NUM      0000810F  A           
PL_SPR_00                NUM      00008101  A           
PL_SPR_01                NUM      00008102  A           
PL_SPR_02                NUM      00008103  A           
PL_SPR_10                NUM      00008105  A           
PL_SPR_11                NUM      00008106  A           
PL_SPR_12                NUM      00008107  A           
POWER_BOOT_REQ           NUM      00000006  A           
PROG             C L     SEC      00000000  R 18E       
RESET_ADD                NUM      000087E0  A           
RESUME_ANS               NUM      00000007  A           
RESUME_BOOT_REQ          NUM      00000005  A           
SCRL1_VRAM               NUM      00009000  A           
SCRL2_VRAM               NUM      00009800  A           
SCRL_PRIO_ADR            NUM      00008030  A           
SCRL_X1_ADR              NUM      00008032  A           
SCRL_X2_ADR              NUM      00008034  A           
SCRL_Y1_ADR              NUM      00008033  A           
SCRL_Y2_ADR              NUM      00008035  A           
SCROLL1_CRAM             NUM      00008280  A           
SCROLL2_CRAM             NUM      00008300  A           
SPRITE_CRAM              NUM      00008200  A           
SPR_OFFSET_X_ADR
                         NUM      00008020  A           
SPR_OFFSET_Y_ADR
                         NUM      00008021  A           
SPR_PALCODE              NUM      00008C00  A           
SPR_VRAM                 NUM      00008800  A           
STS_RG_ADD               NUM      00008010  A           
SYS_FAILURE              NUM      000000FF  A           
SYS_SUCCESS              NUM      00000000  A           
Sys_lever                NUM      00006F82  A           
TILES_X                  NUM      00000014  A           
TILES_Y                  NUM      00000013  A           
TIMER_SHUTDOWN_ANS
                         NUM      00000006  A           
TIME_SHUTDOWN_REQ
                         NUM      00000006  A           
User_Answer              NUM      00006F86  A           
User_Boot                NUM      00006F84  A           
User_Shutdown            NUM      00006F85  A           
VECT_ALARMDOWNSET
                         NUM      0000000B  A           
VECT_ALARMSET            NUM      00000009  A           
VECT_CLOCKGEARSET
                         NUM      00000001  A           
VECT_FLASHALLERS
                         NUM      00000007  A           
VECT_FLASHERS            NUM      00000008  A           
VECT_FLASHPROTECT
                         NUM      0000000D  A           
VECT_FLASHWRITE          NUM      00000006  A           
VECT_GEMODESET           NUM      0000000E  A           
VECT_INTLVSET            NUM      00000004  A           
VECT_RTCGET              NUM      00000002  A           
VECT_SHUTDOWN            NUM      00000000  A           
VECT_SYSFONTSET          NUM      00000005  A           
VERSION_ADD              NUM      000087FE  A           
WDCR                     NUM      0000006F  A           
WD_CLR                   NUM      0000004E  A           
WD_LCDST_HPOS            NUM      00008008  A           
WD_LCDST_VPOS            NUM      00008009  A           
WINDOW_CRAM              NUM      000083F0  A           
WIN_WBAX_ADR             NUM      00008002  A           
WIN_WBAY_ADR             NUM      00008003  A           
WIN_WSIX_ADR             NUM      00008004  A           
WIN_WSIY_ADR             NUM      00008005  A           
_ALARM_BOOT_REQ          NUM      00000080  A           
_BAT_SHUTDOWN_REQ
                         NUM      00000020  A           
_INT_CLR_BIT             NUM      00000080  A           
_MP_SHUTDOWN_REQ
                         NUM      00000080  A           
_POWER_BOOT_REQ          NUM      00000040  A           
_RESUME_ANS              NUM      00000080  A           
_RESUME_BOOT_REQ
                         NUM      00000020  A           
_TIMER_SHUTDOWN_ANS
                         NUM      00000040  A           
_TIME_SHUTDOWN_REQ
                         NUM      00000040  A           
copy_col_loop    C L     LAB      00000123  R           PROG
copy_column      C L     LAB      000000F4  R           PROG
copy_row         C L     LAB      0000014B  R           PROG
copy_row_loop    C L     LAB      00000176  R           PROG
done_x           C L     LAB      00000012  R           PROG
done_y           C L     LAB      00000028  R           PROG
down_y           C L     LAB      00000023  R           PROG
left_x           C L     LAB      00000008  R           PROG
map                               00000000  R EXT       
no_down          C L     LAB      000000F3  R           PROG
no_left          C L     LAB      0000007F  R           PROG
no_right         C L     LAB      000000A7  R           PROG
no_up            C L     LAB      000000CB  R           PROG
no_x             C L     LAB      00000010  R           PROG
right_x          C L     LAB      0000000C  R           PROG
scroll                   MOD
scroll_copy      C L     LAB      0000004B  R PUB       PROG
scroll_get_tile  C L     LAB      00000031  R PUB       PROG
scroll_mode                       00000000  R EXT       
scroll_set       C L     LAB      00000000  R PUB       PROG
scroll_x                          00000000  R EXT       
scroll_y                          00000000  R EXT       
up_y             C L     LAB      0000001E  R           PROG


TOTAL
  132 user defined symbol(s)
   15 unreferenced external symbol(s)
