(C)Copyright TOSHIBA CORPORATION 1993-2009  All rights reserved
Sun May 24 22:01:53 2020
TLCS-900 Relocatable Assembler (32) V2.2k  [Page     1]  vect.lst
Runtime option : c:\Program Files (x86)\TOSHIBA\T900\bin\asm900.exe -Nb2 -O1 -g -l vect.asm

Location  Object                           Ins        Line Source Statement

                                 +0          1           1 ;*****************************************
                                 +0          2           2 ;		GAME VECTOR
                                 +0          3           3 ;*****************************************
                                 +0          4           4 $MAXIMUM
                                 +0          5           5         module  game_vect		;
                                 +0          6           6 
                                 +0          7           7 ;  ---------------------------------
                                 +0          8           8 ;		EXTERNAL LOOKUP
                                 +0          9           9 ;  ---------------------------------
                                 +0         10          10 	extern	reset,v_int,h_int,dummy,timer1,timer2
                                 +0         11          11 	extern	alarm_int,z80_int,sound_int
                                 +0         12          12 
                                 +0         13          13 ;  ---------------------------------
                                 +0         14          14 ;		EXTERNAL DEFINITION
                                 +0         15          15 ;  ---------------------------------
                                 +0         16          16 	public	RAM_Vector
                                 +0         17          17 	public	Header_Data
                                 +0         18          18 
                                 +0         19          19 ;  ---------------------------------
                                 +0         20          20 ;		INCLUDE
                                 +0         21          21 ;  ---------------------------------
                                 +0         22          22 
                                 +0         23          23 
                                 +0         24          24 ;-----------------------------------------
                                 +0         25          25 ;		VECTOR TABLE
                                 +0         26          26 ;-----------------------------------------
                                 +0         27          27 INT_TBL	section romdata large		;vector
                                 +0         28          28 
00000000                         +0         29          29 Header_Data:
00000000  204C4943454E53454420   +0         30          30 	db	" LICENSED BY SNK CORPORATION"	;recognition code
          425920534E4B20434F52                             
          504F524154494F4E                                 
0000001C  00000000             R +0         31          31 	dl	reset					;startup address
00000020  0000                   +0         32          32 	dw	0x0000					;GAME ID Code
00000022  02                     +0         33          33 	db	0x02					;GAME Version
00000023  10                     +0         34          34 	db	0x10					;0x10 = Color, 0x00 = Monochrome
00000024  544553542047414D4520   +0         35          35 	db	"TEST GAME 2 "			;GAME NAME 12 Byte
          3220                                             
00000030  00000000000000000000   +0         36          36 	dl	0x00,0x00,0x00,0x00			;Dummy 16 Byte
          000000000000                                     
                                 +0         37          37 
                                 +0         38          38 
00000040                         +0         39          39 RAM_Vector:
00000040  00000000             R +0         40          40 	dl	dummy					;00 0xffff14 SWI3
00000044  00000000             R +0         41          41 	dl	dummy					;01 0xffff18 SWI4
00000048  00000000             R +0         42          42 	dl	dummy					;02 0xffff14 SWI5
0000004C  00000000             R +0         43          43 	dl	dummy					;03 0xffff18 SWI6
00000050  00000000             R +0         44          44 	dl	alarm_int				;04 RTC alarm
00000054  00000000             R +0         45          45 	dl	v_int					;05 V-interrupt
00000058  00000000             R +0         46          46 	dl	z80_int				;06 Z80 sound source control CPU request
0000005C  00000000             R +0         47          47 	dl	h_int					;07 INT T0
00000060  00000000             R +0         48          48 	dl	timer1					;08 INT T1
00000064  00000000             R +0         49          49 	dl	timer2					;09 INT T2
00000068  00000000             R +0         50          50 	dl	sound_int				;10 INT T3 (interrupt to Z80)
0000006C  00000000             R +0         51          51 	dl	dummy					;11 serial reception
00000070  00000000             R +0         52          52 	dl	dummy					;12 serial communication
00000074  00000000             R +0         53          53 	dl	dummy					;13 reserved
00000078  00000000             R +0         54          54 	dl	dummy					;14 end micro DMA Channel 0
0000007C  00000000             R +0         55          55 	dl	dummy					;15 
00000080  00000000             R +0         56          56 	dl	dummy					;16 
00000084  00000000             R +0         57          57 	dl	dummy					;17 
                                 +0         58          58 
                                 +0         59          59 
                                 +0         60          60 ;-----------------------------------------------
                                 +0         61          61         end					;
                                 +0         62          62 ;-----------------------------------------------

Assembly complete, No error
TLCS-900 Relocatable Assembler (32) V2.2k  [Page     2]  vect.lst

Symbol table listing
--------------------

Symbol           Category         Value     Attribute

Header_Data      R L     LAB      00000000  R PUB       INT_TBL
INT_TBL          R L     SEC      00000000  R 88        
RAM_Vector       R L     LAB      00000040  R PUB       INT_TBL
alarm_int                         00000000  R EXT       
dummy                             00000000  R EXT       
game_vect                MOD
h_int                             00000000  R EXT       
reset                             00000000  R EXT       
sound_int                         00000000  R EXT       
timer1                            00000000  R EXT       
timer2                            00000000  R EXT       
v_int                             00000000  R EXT       
z80_int                           00000000  R EXT       


TOTAL
   13 user defined symbol(s)
